Using pre-set license
Built from '2022.3/staging' branch; Version is '2022.3.3f1 (7cdc2969a641) revision 8182825'; Using compiler version '192829333'; Build Type 'Release'
OS: 'Windows 11  (10.0.22621) 64bit Core' Language: 'en' Physical Memory: 32694 MB
BatchMode: 1, IsHumanControllingUs: 0, StartBugReporterOnCrash: 0, Is64bit: 1, IsPro: 1

COMMAND LINE ARGUMENTS:
C:\Program Files\Unity\Hub\Editor\2022.3.3f1\Editor\Unity.exe
-adb2
-batchMode
-noUpm
-name
AssetImportWorker0
-projectPath
C:/Users/ryanh/OneDrive/Documents/GitHub/ArisProject/ArisProject
-logFile
Logs/AssetImportWorker0.log
-srvPort
51633
Successfully changed project path to: C:/Users/ryanh/OneDrive/Documents/GitHub/ArisProject/ArisProject
C:/Users/ryanh/OneDrive/Documents/GitHub/ArisProject/ArisProject
[UnityMemory] Configuration Parameters - Can be set up in boot.config
    "memorysetup-bucket-allocator-granularity=16"
    "memorysetup-bucket-allocator-bucket-count=8"
    "memorysetup-bucket-allocator-block-size=33554432"
    "memorysetup-bucket-allocator-block-count=8"
    "memorysetup-main-allocator-block-size=16777216"
    "memorysetup-thread-allocator-block-size=16777216"
    "memorysetup-gfx-main-allocator-block-size=16777216"
    "memorysetup-gfx-thread-allocator-block-size=16777216"
    "memorysetup-cache-allocator-block-size=4194304"
    "memorysetup-typetree-allocator-block-size=2097152"
    "memorysetup-profiler-bucket-allocator-granularity=16"
    "memorysetup-profiler-bucket-allocator-bucket-count=8"
    "memorysetup-profiler-bucket-allocator-block-size=33554432"
    "memorysetup-profiler-bucket-allocator-block-count=8"
    "memorysetup-profiler-allocator-block-size=16777216"
    "memorysetup-profiler-editor-allocator-block-size=1048576"
    "memorysetup-temp-allocator-size-main=16777216"
    "memorysetup-job-temp-allocator-block-size=2097152"
    "memorysetup-job-temp-allocator-block-size-background=1048576"
    "memorysetup-job-temp-allocator-reduction-small-platforms=262144"
    "memorysetup-allocator-temp-initial-block-size-main=262144"
    "memorysetup-allocator-temp-initial-block-size-worker=262144"
    "memorysetup-temp-allocator-size-background-worker=32768"
    "memorysetup-temp-allocator-size-job-worker=262144"
    "memorysetup-temp-allocator-size-preload-manager=33554432"
    "memorysetup-temp-allocator-size-nav-mesh-worker=65536"
    "memorysetup-temp-allocator-size-audio-worker=65536"
    "memorysetup-temp-allocator-size-cloud-worker=32768"
    "memorysetup-temp-allocator-size-gi-baking-worker=262144"
    "memorysetup-temp-allocator-size-gfx=262144"
Player connection [14064] Host "[IP] 10.0.0.74 [Port] 0 [Flags] 2 [Guid] 419273951 [EditorId] 419273951 [Version] 1048832 [Id] WindowsEditor(7,RyanPC) [Debug] 1 [PackageName] WindowsEditor [ProjectName] Editor" joined multi-casting on [225.0.0.222:54997]...

Player connection [14064] Host "[IP] 10.0.0.74 [Port] 0 [Flags] 2 [Guid] 419273951 [EditorId] 419273951 [Version] 1048832 [Id] WindowsEditor(7,RyanPC) [Debug] 1 [PackageName] WindowsEditor [ProjectName] Editor" joined alternative multi-casting on [225.0.0.222:34997]...

Refreshing native plugins compatible for Editor in 9.80 ms, found 4 plugins.
Preloading 0 native plugins for Editor in 0.00 ms.
Initialize engine version: 2022.3.3f1 (7cdc2969a641)
[Subsystems] Discovering subsystems at path C:/Program Files/Unity/Hub/Editor/2022.3.3f1/Editor/Data/Resources/UnitySubsystems
[Subsystems] Discovering subsystems at path C:/Users/ryanh/OneDrive/Documents/GitHub/ArisProject/ArisProject/Assets
GfxDevice: creating device client; threaded=0; jobified=0
Direct3D:
    Version:  Direct3D 11.0 [level 11.1]
    Renderer: AMD Radeon RX 6600 (ID=0x73ff)
    Vendor:   ATI
    VRAM:     8146 MB
    Driver:   31.0.14057.5006
Initialize mono
Mono path[0] = 'C:/Program Files/Unity/Hub/Editor/2022.3.3f1/Editor/Data/Managed'
Mono path[1] = 'C:/Program Files/Unity/Hub/Editor/2022.3.3f1/Editor/Data/MonoBleedingEdge/lib/mono/unityjit-win32'
Mono config path = 'C:/Program Files/Unity/Hub/Editor/2022.3.3f1/Editor/Data/MonoBleedingEdge/etc'
Using monoOptions --debugger-agent=transport=dt_socket,embedding=1,server=y,suspend=n,address=127.0.0.1:56276
Begin MonoManager ReloadAssembly
Registering precompiled unity dll's ...
Register platform support module: C:/Program Files/Unity/Hub/Editor/2022.3.3f1/Editor/Data/PlaybackEngines/WebGLSupport/UnityEditor.WebGL.Extensions.dll
Register platform support module: C:/Program Files/Unity/Hub/Editor/2022.3.3f1/Editor/Data/PlaybackEngines/AndroidPlayer/UnityEditor.Android.Extensions.dll
Register platform support module: C:/Program Files/Unity/Hub/Editor/2022.3.3f1/Editor/Data/PlaybackEngines/WindowsStandaloneSupport/UnityEditor.WindowsStandalone.Extensions.dll
Register platform support module: C:/Program Files/Unity/Hub/Editor/2022.3.3f1/Editor/Data/PlaybackEngines/LinuxStandaloneSupport/UnityEditor.LinuxStandalone.Extensions.dll
Registered in 0.010093 seconds.
- Loaded All Assemblies, in  0.387 seconds
Native extension for LinuxStandalone target not found
Native extension for WindowsStandalone target not found
Native extension for Android target not found
Android Extension - Scanning For ADB Devices 254 ms
Native extension for WebGL target not found
Mono: successfully reloaded assembly
- Finished resetting the current domain, in  0.553 seconds
Domain Reload Profiling: 938ms
	BeginReloadAssembly (109ms)
		ExecutionOrderSort (0ms)
		DisableScriptedObjects (0ms)
		BackupInstance (0ms)
		ReleaseScriptingObjects (0ms)
		CreateAndSetChildDomain (2ms)
	RebuildCommonClasses (35ms)
	RebuildNativeTypeToScriptingClass (10ms)
	initialDomainReloadingComplete (58ms)
	LoadAllAssembliesAndSetupDomain (174ms)
		LoadAssemblies (108ms)
		RebuildTransferFunctionScriptingTraits (0ms)
		AnalyzeDomain (166ms)
			TypeCache.Refresh (165ms)
				TypeCache.ScanAssembly (151ms)
			ScanForSourceGeneratedMonoScriptInfo (1ms)
			ResolveRequiredComponents (0ms)
	FinalizeReload (553ms)
		ReleaseScriptCaches (0ms)
		RebuildScriptCaches (0ms)
		SetupLoadedEditorAssemblies (506ms)
			LogAssemblyErrors (0ms)
			InitializePlatformSupportModulesInManaged (374ms)
			SetLoadedEditorAssemblies (3ms)
			RefreshPlugins (0ms)
			BeforeProcessingInitializeOnLoad (2ms)
			ProcessInitializeOnLoadAttributes (83ms)
			ProcessInitializeOnLoadMethodAttributes (44ms)
			AfterProcessingInitializeOnLoad (0ms)
			EditorAssembliesLoaded (0ms)
		ExecutionOrderSort2 (0ms)
		AwakeInstancesAfterBackupRestoration (0ms)
========================================================================
Worker process is ready to serve import requests
Begin MonoManager ReloadAssembly
Symbol file LoadedFromMemory doesn't match image C:\Users\ryanh\OneDrive\Documents\GitHub\ArisProject\ArisProject\Library\PackageCache\com.unity.visualscripting@1.8.0\Editor\VisualScripting.Core\Dependencies\YamlDotNet\Unity.VisualScripting.YamlDotNet.dll
Symbol file LoadedFromMemory doesn't match image C:\Users\ryanh\OneDrive\Documents\GitHub\ArisProject\ArisProject\Library\PackageCache\com.unity.visualscripting@1.8.0\Editor\VisualScripting.Core\Dependencies\DotNetZip\Unity.VisualScripting.IonicZip.dll
- Loaded All Assemblies, in  0.747 seconds
Refreshing native plugins compatible for Editor in 5.19 ms, found 4 plugins.
Native extension for LinuxStandalone target not found
Native extension for WindowsStandalone target not found
Native extension for Android target not found
Native extension for WebGL target not found
Mono: successfully reloaded assembly
- Finished resetting the current domain, in  0.489 seconds
Domain Reload Profiling: 1233ms
	BeginReloadAssembly (101ms)
		ExecutionOrderSort (0ms)
		DisableScriptedObjects (5ms)
		BackupInstance (0ms)
		ReleaseScriptingObjects (0ms)
		CreateAndSetChildDomain (19ms)
	RebuildCommonClasses (24ms)
	RebuildNativeTypeToScriptingClass (7ms)
	initialDomainReloadingComplete (33ms)
	LoadAllAssembliesAndSetupDomain (579ms)
		LoadAssemblies (246ms)
		RebuildTransferFunctionScriptingTraits (0ms)
		AnalyzeDomain (372ms)
			TypeCache.Refresh (344ms)
				TypeCache.ScanAssembly (327ms)
			ScanForSourceGeneratedMonoScriptInfo (24ms)
			ResolveRequiredComponents (4ms)
	FinalizeReload (490ms)
		ReleaseScriptCaches (0ms)
		RebuildScriptCaches (0ms)
		SetupLoadedEditorAssemblies (323ms)
			LogAssemblyErrors (0ms)
			InitializePlatformSupportModulesInManaged (24ms)
			SetLoadedEditorAssemblies (3ms)
			RefreshPlugins (0ms)
			BeforeProcessingInitializeOnLoad (63ms)
			ProcessInitializeOnLoadAttributes (200ms)
			ProcessInitializeOnLoadMethodAttributes (28ms)
			AfterProcessingInitializeOnLoad (6ms)
			EditorAssembliesLoaded (0ms)
		ExecutionOrderSort2 (0ms)
		AwakeInstancesAfterBackupRestoration (10ms)
Launched and connected shader compiler UnityShaderCompiler.exe after 0.06 seconds
Refreshing native plugins compatible for Editor in 4.46 ms, found 4 plugins.
Preloading 0 native plugins for Editor in 0.00 ms.
Unloading 3999 Unused Serialized files (Serialized files now loaded: 0)
Unloading 69 unused Assets / (244.5 KB). Loaded Objects now: 4461.
Memory consumption went from 144.4 MB to 144.1 MB.
Total: 3.402000 ms (FindLiveObjects: 0.256000 ms CreateObjectMapping: 0.189400 ms MarkObjects: 2.750900 ms  DeleteObjects: 0.204800 ms)

AssetImportParameters requested are different than current active one (requested -> active):
  custom:container-demuxer-ogg: 62fdf1f143b41e24485cea50d1cbac27 -> 
  custom:video-codec-MediaFoundation-h265: 746d11721c4dcdbdad8f713fa42b33f4 -> 
  custom:video-decoder-ogg-theora: a1e56fd34408186e4bbccfd4996cb3dc -> 
  custom:framework-win-MediaFoundation: 216162199b28c13a410421893ffa2e32 -> 
  custom:container-demuxer-webm: 4f35f7cbe854078d1ac9338744f61a02 -> 
  custom:container-muxer-webm: aa71ff27fc2769a1b78a27578f13a17b -> 
  custom:video-decoder-webm-vp8: 9c59270c3fd7afecdb556c50c9e8de78 -> 
  custom:AudioImporter_EditorPlatform: d09bf68614088b80899f8185d706f6e7 -> 
  custom:video-encoder-webm-vp8: eb34c28f22e8b96e1ab97ce403110664 -> 
  custom:audio-decoder-ogg-vorbis: bf7c407c2cedff20999df2af8eb42d56 -> 
  custom:audio-encoder-webm-vorbis: bf7c407c2cedff20999df2af8eb42d56 -> 
========================================================================
Received Import Request.
  Time since last request: 4620.293241 seconds.
  path: Assets/Tilesets/Background.prefab
  artifactKey: Guid(725f69daad8673149b3673131aed0723) Importer(815301076,1909f56bfc062723c751e8b465ee728b)
Start importing Assets/Tilesets/Background.prefab using Guid(725f69daad8673149b3673131aed0723) Importer(815301076,1909f56bfc062723c751e8b465ee728b)  -> (artifact id: '8308bf88a4ec6c7fe8aacb0832cb3b4a') in 0.075179 seconds
Number of updated asset objects reloaded before import = 0
Number of asset objects unloaded after import = 28
========================================================================
Received Import Request.
  Time since last request: 0.000017 seconds.
  path: Assets/Tilesets/Terrain (16x16) 1_0.asset
  artifactKey: Guid(9ca5e49fb6697b742a6dd06f1f565e95) Importer(815301076,1909f56bfc062723c751e8b465ee728b)
Start importing Assets/Tilesets/Terrain (16x16) 1_0.asset using Guid(9ca5e49fb6697b742a6dd06f1f565e95) Importer(815301076,1909f56bfc062723c751e8b465ee728b)  -> (artifact id: '5a0c6c02dcabb36151d7ca49c910cfed') in 0.013491 seconds
Number of updated asset objects reloaded before import = 0
Number of asset objects unloaded after import = 3
========================================================================
Received Import Request.
  Time since last request: 0.000016 seconds.
  path: Assets/Tilesets/Brown.asset
  artifactKey: Guid(d86cc9b2a0e36b2489df214a2168e20e) Importer(815301076,1909f56bfc062723c751e8b465ee728b)
Start importing Assets/Tilesets/Brown.asset using Guid(d86cc9b2a0e36b2489df214a2168e20e) Importer(815301076,1909f56bfc062723c751e8b465ee728b)  -> (artifact id: '55e31286f88f229de341fb966cc0def3') in 0.009000 seconds
Number of updated asset objects reloaded before import = 0
Number of asset objects unloaded after import = 3
========================================================================
Received Import Request.
  Time since last request: 0.000015 seconds.
  path: Assets/Tilesets/Green.asset
  artifactKey: Guid(72126fd868245564da7e4ae8a11db652) Importer(815301076,1909f56bfc062723c751e8b465ee728b)
Start importing Assets/Tilesets/Green.asset using Guid(72126fd868245564da7e4ae8a11db652) Importer(815301076,1909f56bfc062723c751e8b465ee728b)  -> (artifact id: 'd3158a8f71b00be62ee6af64fdc69beb') in 0.009439 seconds
Number of updated asset objects reloaded before import = 0
Number of asset objects unloaded after import = 3
========================================================================
Received Import Request.
  Time since last request: 0.000015 seconds.
  path: Assets/Tilesets/Terrain (16x16) 1_1.asset
  artifactKey: Guid(b983d9c082086c74ca4a0139954ffeb0) Importer(815301076,1909f56bfc062723c751e8b465ee728b)
Start importing Assets/Tilesets/Terrain (16x16) 1_1.asset using Guid(b983d9c082086c74ca4a0139954ffeb0) Importer(815301076,1909f56bfc062723c751e8b465ee728b)  -> (artifact id: '812ccc9549958471bcc93b1dbd90d35a') in 0.010082 seconds
Number of updated asset objects reloaded before import = 0
Number of asset objects unloaded after import = 3
========================================================================
Received Import Request.
  Time since last request: 0.000020 seconds.
  path: Assets/Tilesets/Terrain (16x16) 1_2.asset
  artifactKey: Guid(5400bbf0a7efe6e4190971425c786830) Importer(815301076,1909f56bfc062723c751e8b465ee728b)
Start importing Assets/Tilesets/Terrain (16x16) 1_2.asset using Guid(5400bbf0a7efe6e4190971425c786830) Importer(815301076,1909f56bfc062723c751e8b465ee728b)  -> (artifact id: '8349bb7d7c30e33b9135d1c3a99f3d28') in 0.008999 seconds
Number of updated asset objects reloaded before import = 0
Number of asset objects unloaded after import = 3
========================================================================
Received Import Request.
  Time since last request: 0.000016 seconds.
  path: Assets/Tilesets/Terrain (16x16) 1_7.asset
  artifactKey: Guid(f61c465e8077fe24f83d7487859b7983) Importer(815301076,1909f56bfc062723c751e8b465ee728b)
Start importing Assets/Tilesets/Terrain (16x16) 1_7.asset using Guid(f61c465e8077fe24f83d7487859b7983) Importer(815301076,1909f56bfc062723c751e8b465ee728b)  -> (artifact id: 'ca255ff2e1d60bc57501de3153fdcd70') in 0.008249 seconds
Number of updated asset objects reloaded before import = 0
Number of asset objects unloaded after import = 3
========================================================================
Received Import Request.
  Time since last request: 0.000018 seconds.
  path: Assets/Tilesets/Terrain (16x16) 1_11.asset
  artifactKey: Guid(43168b38dea2568498eb676790cb90fe) Importer(815301076,1909f56bfc062723c751e8b465ee728b)
Start importing Assets/Tilesets/Terrain (16x16) 1_11.asset using Guid(43168b38dea2568498eb676790cb90fe) Importer(815301076,1909f56bfc062723c751e8b465ee728b)  -> (artifact id: '16d0a847f92050447ecf01a8c8503972') in 0.009945 seconds
Number of updated asset objects reloaded before import = 0
Number of asset objects unloaded after import = 3
========================================================================
Received Import Request.
  Time since last request: 0.644529 seconds.
  path: Assets/Tilesets/Terrain (16x16) 1_12.asset
  artifactKey: Guid(b42ace576ef3ec1479dcd696172d51dc) Importer(815301076,1909f56bfc062723c751e8b465ee728b)
Start importing Assets/Tilesets/Terrain (16x16) 1_12.asset using Guid(b42ace576ef3ec1479dcd696172d51dc) Importer(815301076,1909f56bfc062723c751e8b465ee728b)  -> (artifact id: '58ae0ebf904d5f54a137f08b2ee31404') in 0.010940 seconds
Number of updated asset objects reloaded before import = 0
Number of asset objects unloaded after import = 3
========================================================================
Received Import Request.
  Time since last request: 0.019094 seconds.
  path: Assets/Tilesets/Terrain (16x16) 1_15.asset
  artifactKey: Guid(f9f6422dc8da37c4e920032c03a6a8b6) Importer(815301076,1909f56bfc062723c751e8b465ee728b)
Start importing Assets/Tilesets/Terrain (16x16) 1_15.asset using Guid(f9f6422dc8da37c4e920032c03a6a8b6) Importer(815301076,1909f56bfc062723c751e8b465ee728b)  -> (artifact id: 'd14e1a56a04254b88d081350349505bf') in 0.011182 seconds
Number of updated asset objects reloaded before import = 0
Number of asset objects unloaded after import = 3
========================================================================
Received Import Request.
  Time since last request: 0.003404 seconds.
  path: Assets/Tilesets/Terrain (16x16) 1_18.asset
  artifactKey: Guid(2084af6daf5c43c428391ca1e8f57cda) Importer(815301076,1909f56bfc062723c751e8b465ee728b)
Start importing Assets/Tilesets/Terrain (16x16) 1_18.asset using Guid(2084af6daf5c43c428391ca1e8f57cda) Importer(815301076,1909f56bfc062723c751e8b465ee728b)  -> (artifact id: '5aaa266d82c8a73ea58bc2d489b89207') in 0.009414 seconds
Number of updated asset objects reloaded before import = 0
Number of asset objects unloaded after import = 3
========================================================================
Received Import Request.
  Time since last request: 0.000018 seconds.
  path: Assets/Tilesets/Terrain (16x16) 1_19.asset
  artifactKey: Guid(cec2669249a8d1e419a008e227cd58db) Importer(815301076,1909f56bfc062723c751e8b465ee728b)
Start importing Assets/Tilesets/Terrain (16x16) 1_19.asset using Guid(cec2669249a8d1e419a008e227cd58db) Importer(815301076,1909f56bfc062723c751e8b465ee728b)  -> (artifact id: 'eef6c8947783fc9e9256e5adc6a1c3fc') in 0.009765 seconds
Number of updated asset objects reloaded before import = 0
Number of asset objects unloaded after import = 3
========================================================================
Received Import Request.
  Time since last request: 0.009600 seconds.
  path: Assets/Tilesets/Terrain (16x16) 1_21.asset
  artifactKey: Guid(eb3899f80b537e446ace5e73fc249ef7) Importer(815301076,1909f56bfc062723c751e8b465ee728b)
Start importing Assets/Tilesets/Terrain (16x16) 1_21.asset using Guid(eb3899f80b537e446ace5e73fc249ef7) Importer(815301076,1909f56bfc062723c751e8b465ee728b)  -> (artifact id: '11d93b6235ce617fc8a88d804a906d66') in 0.009822 seconds
Number of updated asset objects reloaded before import = 0
Number of asset objects unloaded after import = 3
========================================================================
Received Import Request.
  Time since last request: 0.241150 seconds.
  path: Assets/Tilesets/Terrain (16x16) 1_24.asset
  artifactKey: Guid(9a77d28cc0f2dab4684ee40a9bf3e164) Importer(815301076,1909f56bfc062723c751e8b465ee728b)
Start importing Assets/Tilesets/Terrain (16x16) 1_24.asset using Guid(9a77d28cc0f2dab4684ee40a9bf3e164) Importer(815301076,1909f56bfc062723c751e8b465ee728b)  -> (artifact id: 'ea5da48b7b3d6bfdcf665846ff1bb74b') in 0.010060 seconds
Number of updated asset objects reloaded before import = 0
Number of asset objects unloaded after import = 3
========================================================================
Received Import Request.
  Time since last request: 0.020299 seconds.
  path: Assets/Tilesets/Terrain (16x16) 1_27.asset
  artifactKey: Guid(1afcb9b11a2c1a34d9f4e760a58e28de) Importer(815301076,1909f56bfc062723c751e8b465ee728b)
Start importing Assets/Tilesets/Terrain (16x16) 1_27.asset using Guid(1afcb9b11a2c1a34d9f4e760a58e28de) Importer(815301076,1909f56bfc062723c751e8b465ee728b)  -> (artifact id: 'a672858ba1672dfb2d4148cd6d870f8b') in 0.009753 seconds
Number of updated asset objects reloaded before import = 0
Number of asset objects unloaded after import = 3
========================================================================
Received Import Request.
  Time since last request: 0.000014 seconds.
  path: Assets/Tilesets/Terrain (16x16) 1_31.asset
  artifactKey: Guid(767a6d5db5abc774a94ee2f71e816ff9) Importer(815301076,1909f56bfc062723c751e8b465ee728b)
Start importing Assets/Tilesets/Terrain (16x16) 1_31.asset using Guid(767a6d5db5abc774a94ee2f71e816ff9) Importer(815301076,1909f56bfc062723c751e8b465ee728b)  -> (artifact id: '2b78164a3a06bdcc6d1fa2bffcaf2a96') in 0.009396 seconds
Number of updated asset objects reloaded before import = 0
Number of asset objects unloaded after import = 3
========================================================================
Received Import Request.
  Time since last request: 0.000060 seconds.
  path: Assets/Tilesets/Terrain (16x16) 1_33.asset
  artifactKey: Guid(65803fd38fed5d645901b7444e201c70) Importer(815301076,1909f56bfc062723c751e8b465ee728b)
Start importing Assets/Tilesets/Terrain (16x16) 1_33.asset using Guid(65803fd38fed5d645901b7444e201c70) Importer(815301076,1909f56bfc062723c751e8b465ee728b)  -> (artifact id: '7c50c477c511064c8f065ac4330cc75e') in 0.009263 seconds
Number of updated asset objects reloaded before import = 0
Number of asset objects unloaded after import = 3
========================================================================
Received Import Request.
  Time since last request: 0.000019 seconds.
  path: Assets/Tilesets/Terrain (16x16) 1_34.asset
  artifactKey: Guid(336ff91ed58e1bc438af9642d1374fd5) Importer(815301076,1909f56bfc062723c751e8b465ee728b)
Start importing Assets/Tilesets/Terrain (16x16) 1_34.asset using Guid(336ff91ed58e1bc438af9642d1374fd5) Importer(815301076,1909f56bfc062723c751e8b465ee728b)  -> (artifact id: '8422f98bf469155efadc797de91a4834') in 0.009587 seconds
Number of updated asset objects reloaded before import = 0
Number of asset objects unloaded after import = 3
========================================================================
Received Import Request.
  Time since last request: 0.000015 seconds.
  path: Assets/Tilesets/Terrain (16x16) 1_37.asset
  artifactKey: Guid(5fab2d843e16f764d959ca5a6845a3a3) Importer(815301076,1909f56bfc062723c751e8b465ee728b)
Start importing Assets/Tilesets/Terrain (16x16) 1_37.asset using Guid(5fab2d843e16f764d959ca5a6845a3a3) Importer(815301076,1909f56bfc062723c751e8b465ee728b)  -> (artifact id: '82414f985eb2c345921b82303a0dac65') in 0.008411 seconds
Number of updated asset objects reloaded before import = 0
Number of asset objects unloaded after import = 3
========================================================================
Received Import Request.
  Time since last request: 0.000018 seconds.
  path: Assets/Tilesets/Terrain (16x16) 1_32.asset
  artifactKey: Guid(25f5ec0b01c29aa40a38c5a33b5640e4) Importer(815301076,1909f56bfc062723c751e8b465ee728b)
Start importing Assets/Tilesets/Terrain (16x16) 1_32.asset using Guid(25f5ec0b01c29aa40a38c5a33b5640e4) Importer(815301076,1909f56bfc062723c751e8b465ee728b)  -> (artifact id: 'd9c70b65946a5d10c547c85911def6b7') in 0.009696 seconds
Number of updated asset objects reloaded before import = 0
Number of asset objects unloaded after import = 3
========================================================================
Received Import Request.
  Time since last request: 0.217389 seconds.
  path: Assets/Tilesets/Terrain (16x16) 1_39.asset
  artifactKey: Guid(3c1715d19822a7f47b9dae6d94a3a2ff) Importer(815301076,1909f56bfc062723c751e8b465ee728b)
Start importing Assets/Tilesets/Terrain (16x16) 1_39.asset using Guid(3c1715d19822a7f47b9dae6d94a3a2ff) Importer(815301076,1909f56bfc062723c751e8b465ee728b)  -> (artifact id: '89f83641036240de634a4ea175ff5259') in 0.009534 seconds
Number of updated asset objects reloaded before import = 0
Number of asset objects unloaded after import = 3
========================================================================
Received Import Request.
  Time since last request: 0.000013 seconds.
  path: Assets/Tilesets/Terrain (16x16) 1_41.asset
  artifactKey: Guid(337d39253998cbe4aac458f33bf235e5) Importer(815301076,1909f56bfc062723c751e8b465ee728b)
Start importing Assets/Tilesets/Terrain (16x16) 1_41.asset using Guid(337d39253998cbe4aac458f33bf235e5) Importer(815301076,1909f56bfc062723c751e8b465ee728b)  -> (artifact id: '1d6a5304e41c9efac7b4a123fa980691') in 0.009126 seconds
Number of updated asset objects reloaded before import = 0
Number of asset objects unloaded after import = 3
========================================================================
Received Import Request.
  Time since last request: 0.002073 seconds.
  path: Assets/Tilesets/Terrain (16x16) 1_42.asset
  artifactKey: Guid(f42bad35057fb5b468b3a1150f15579c) Importer(815301076,1909f56bfc062723c751e8b465ee728b)
Start importing Assets/Tilesets/Terrain (16x16) 1_42.asset using Guid(f42bad35057fb5b468b3a1150f15579c) Importer(815301076,1909f56bfc062723c751e8b465ee728b)  -> (artifact id: '2fd2fac72d36305c7205faea58b25a09') in 0.009080 seconds
Number of updated asset objects reloaded before import = 0
Number of asset objects unloaded after import = 3
========================================================================
Received Import Request.
  Time since last request: 0.000012 seconds.
  path: Assets/Tilesets/Terrain (16x16) 1_44.asset
  artifactKey: Guid(2c255557586b1714d8c02780f8eb96f4) Importer(815301076,1909f56bfc062723c751e8b465ee728b)
Start importing Assets/Tilesets/Terrain (16x16) 1_44.asset using Guid(2c255557586b1714d8c02780f8eb96f4) Importer(815301076,1909f56bfc062723c751e8b465ee728b)  -> (artifact id: 'bbdea7cc1d4aeff627e3fa7c099f8de0') in 0.009943 seconds
Number of updated asset objects reloaded before import = 0
Number of asset objects unloaded after import = 3
========================================================================
Received Import Request.
  Time since last request: 0.000013 seconds.
  path: Assets/Tilesets/Terrain (16x16) 1_47.asset
  artifactKey: Guid(48326ee11dbe70e4c8c34f9a3ab7816a) Importer(815301076,1909f56bfc062723c751e8b465ee728b)
Start importing Assets/Tilesets/Terrain (16x16) 1_47.asset using Guid(48326ee11dbe70e4c8c34f9a3ab7816a) Importer(815301076,1909f56bfc062723c751e8b465ee728b)  -> (artifact id: 'd9c8eb2145d1fe8c3a9b747567c263c9') in 0.009178 seconds
Number of updated asset objects reloaded before import = 0
Number of asset objects unloaded after import = 3
========================================================================
Received Import Request.
  Time since last request: 0.000013 seconds.
  path: Assets/Tilesets/Terrain (16x16) 1_49.asset
  artifactKey: Guid(b8dd39472411d90418fe15ddfd9c6c91) Importer(815301076,1909f56bfc062723c751e8b465ee728b)
Start importing Assets/Tilesets/Terrain (16x16) 1_49.asset using Guid(b8dd39472411d90418fe15ddfd9c6c91) Importer(815301076,1909f56bfc062723c751e8b465ee728b)  -> (artifact id: 'b19f24a9dd84bce0de2ad966d338186c') in 0.008164 seconds
Number of updated asset objects reloaded before import = 0
Number of asset objects unloaded after import = 3
========================================================================
Received Import Request.
  Time since last request: 0.007372 seconds.
  path: Assets/Tilesets/Terrain (16x16) 1_51.asset
  artifactKey: Guid(b76f15f0915efb5409c5940fea951a5c) Importer(815301076,1909f56bfc062723c751e8b465ee728b)
Start importing Assets/Tilesets/Terrain (16x16) 1_51.asset using Guid(b76f15f0915efb5409c5940fea951a5c) Importer(815301076,1909f56bfc062723c751e8b465ee728b)  -> (artifact id: '6e2cd326d660d5f7554e888666ae34ca') in 0.009080 seconds
Number of updated asset objects reloaded before import = 0
Number of asset objects unloaded after import = 3
========================================================================
Received Import Request.
  Time since last request: 0.000017 seconds.
  path: Assets/Tilesets/Terrain (16x16) 1_52.asset
  artifactKey: Guid(467e5023a85910540b7c61441a4791b2) Importer(815301076,1909f56bfc062723c751e8b465ee728b)
Start importing Assets/Tilesets/Terrain (16x16) 1_52.asset using Guid(467e5023a85910540b7c61441a4791b2) Importer(815301076,1909f56bfc062723c751e8b465ee728b)  -> (artifact id: '6b61755d3094c20e71f9a38bc802b7fa') in 0.008013 seconds
Number of updated asset objects reloaded before import = 0
Number of asset objects unloaded after import = 3
========================================================================
Received Import Request.
  Time since last request: 0.211575 seconds.
  path: Assets/Tilesets/Terrain (16x16) 1_54.asset
  artifactKey: Guid(87bdb2505e86f7a478e8ef89f83b2241) Importer(815301076,1909f56bfc062723c751e8b465ee728b)
Start importing Assets/Tilesets/Terrain (16x16) 1_54.asset using Guid(87bdb2505e86f7a478e8ef89f83b2241) Importer(815301076,1909f56bfc062723c751e8b465ee728b)  -> (artifact id: 'd3d052bea81279a0e7421d6ce32ea322') in 0.009510 seconds
Number of updated asset objects reloaded before import = 0
Number of asset objects unloaded after import = 3
========================================================================
Received Import Request.
  Time since last request: 0.000011 seconds.
  path: Assets/Tilesets/Terrain (16x16) 1_56.asset
  artifactKey: Guid(1eb63312586bcf0498eb391a6c41edaf) Importer(815301076,1909f56bfc062723c751e8b465ee728b)
Start importing Assets/Tilesets/Terrain (16x16) 1_56.asset using Guid(1eb63312586bcf0498eb391a6c41edaf) Importer(815301076,1909f56bfc062723c751e8b465ee728b)  -> (artifact id: '4556e98dc3d183e300d17699b5add268') in 0.010648 seconds
Number of updated asset objects reloaded before import = 0
Number of asset objects unloaded after import = 3
========================================================================
Received Import Request.
  Time since last request: 0.000014 seconds.
  path: Assets/Tilesets/Terrain (16x16) 1_58.asset
  artifactKey: Guid(ca5cd1c07efad4649828d221d70e4eb0) Importer(815301076,1909f56bfc062723c751e8b465ee728b)
Start importing Assets/Tilesets/Terrain (16x16) 1_58.asset using Guid(ca5cd1c07efad4649828d221d70e4eb0) Importer(815301076,1909f56bfc062723c751e8b465ee728b)  -> (artifact id: 'c032dedb651b334d17d050aa4205a279') in 0.009789 seconds
Number of updated asset objects reloaded before import = 0
Number of asset objects unloaded after import = 3
========================================================================
Received Import Request.
  Time since last request: 0.002094 seconds.
  path: Assets/Tilesets/Terrain (16x16) 1_60.asset
  artifactKey: Guid(bc06c0f86455d6049aa5a1c02b347104) Importer(815301076,1909f56bfc062723c751e8b465ee728b)
Start importing Assets/Tilesets/Terrain (16x16) 1_60.asset using Guid(bc06c0f86455d6049aa5a1c02b347104) Importer(815301076,1909f56bfc062723c751e8b465ee728b)  -> (artifact id: '7fab952a827d9f92bc5093c972010278') in 0.010347 seconds
Number of updated asset objects reloaded before import = 0
Number of asset objects unloaded after import = 3
========================================================================
Received Import Request.
  Time since last request: 0.000029 seconds.
  path: Assets/Tilesets/Terrain (16x16) 1_62.asset
  artifactKey: Guid(b00ae27322ce89a44b5c5b5bbe40acd6) Importer(815301076,1909f56bfc062723c751e8b465ee728b)
Start importing Assets/Tilesets/Terrain (16x16) 1_62.asset using Guid(b00ae27322ce89a44b5c5b5bbe40acd6) Importer(815301076,1909f56bfc062723c751e8b465ee728b)  -> (artifact id: 'a91983ddbf100b1b87fe07ac6b101559') in 0.010992 seconds
Number of updated asset objects reloaded before import = 0
Number of asset objects unloaded after import = 3
========================================================================
Received Import Request.
  Time since last request: 0.000023 seconds.
  path: Assets/Tilesets/Terrain (16x16) 1_65.asset
  artifactKey: Guid(08e516c46c98a514581dc35e6b5d2526) Importer(815301076,1909f56bfc062723c751e8b465ee728b)
Start importing Assets/Tilesets/Terrain (16x16) 1_65.asset using Guid(08e516c46c98a514581dc35e6b5d2526) Importer(815301076,1909f56bfc062723c751e8b465ee728b)  -> (artifact id: 'd47ddfc153d59389241e49e5e902b2da') in 0.008797 seconds
Number of updated asset objects reloaded before import = 0
Number of asset objects unloaded after import = 3
========================================================================
Received Import Request.
  Time since last request: 31.765107 seconds.
  path: Assets/Tilesets/Terrain (16x16) 1_67.asset
  artifactKey: Guid(543e0a7980596bd468dd308a8a363fb1) Importer(815301076,1909f56bfc062723c751e8b465ee728b)
Start importing Assets/Tilesets/Terrain (16x16) 1_67.asset using Guid(543e0a7980596bd468dd308a8a363fb1) Importer(815301076,1909f56bfc062723c751e8b465ee728b)  -> (artifact id: '4ed619ec22c3bce6cd57586e460faf13') in 0.009003 seconds
Number of updated asset objects reloaded before import = 0
Number of asset objects unloaded after import = 3
========================================================================
Received Import Request.
  Time since last request: 0.207119 seconds.
  path: Assets/Tilesets/Terrain (16x16) 1_71.asset
  artifactKey: Guid(664a593c3fd870d418566767fb19e444) Importer(815301076,1909f56bfc062723c751e8b465ee728b)
Start importing Assets/Tilesets/Terrain (16x16) 1_71.asset using Guid(664a593c3fd870d418566767fb19e444) Importer(815301076,1909f56bfc062723c751e8b465ee728b)  -> (artifact id: 'd7d376af3d6aacefaeabd8582340f783') in 0.008946 seconds
Number of updated asset objects reloaded before import = 0
Number of asset objects unloaded after import = 3
========================================================================
Received Import Request.
  Time since last request: 0.003988 seconds.
  path: Assets/Tilesets/Terrain (16x16) 1_74.asset
  artifactKey: Guid(e42872555e7ff984ea6fc14e017a1ef2) Importer(815301076,1909f56bfc062723c751e8b465ee728b)
Start importing Assets/Tilesets/Terrain (16x16) 1_74.asset using Guid(e42872555e7ff984ea6fc14e017a1ef2) Importer(815301076,1909f56bfc062723c751e8b465ee728b)  -> (artifact id: 'df8f18edb2437b2c103de52a9139c4ef') in 0.007980 seconds
Number of updated asset objects reloaded before import = 0
Number of asset objects unloaded after import = 3
========================================================================
Received Import Request.
  Time since last request: 0.011564 seconds.
  path: Assets/Tilesets/Terrain (16x16) 1_77.asset
  artifactKey: Guid(8d98c96d2dc4dc041a9976c1ec5723f3) Importer(815301076,1909f56bfc062723c751e8b465ee728b)
Start importing Assets/Tilesets/Terrain (16x16) 1_77.asset using Guid(8d98c96d2dc4dc041a9976c1ec5723f3) Importer(815301076,1909f56bfc062723c751e8b465ee728b)  -> (artifact id: '3a9429d5f51c05983d11e6539361bcd1') in 0.010467 seconds
Number of updated asset objects reloaded before import = 0
Number of asset objects unloaded after import = 3
========================================================================
Received Import Request.
  Time since last request: 0.003286 seconds.
  path: Assets/Tilesets/Terrain (16x16) 1_80.asset
  artifactKey: Guid(7271b9e5d132d2247ae78e5765e365d7) Importer(815301076,1909f56bfc062723c751e8b465ee728b)
Start importing Assets/Tilesets/Terrain (16x16) 1_80.asset using Guid(7271b9e5d132d2247ae78e5765e365d7) Importer(815301076,1909f56bfc062723c751e8b465ee728b)  -> (artifact id: 'c4ccab99f5747112915f61c95f911612') in 0.008535 seconds
Number of updated asset objects reloaded before import = 0
Number of asset objects unloaded after import = 3
========================================================================
Received Import Request.
  Time since last request: 0.650366 seconds.
  path: Assets/Tilesets/Terrain (16x16) 1_83.asset
  artifactKey: Guid(40ddc2c23fa842b4aa07453acbafc751) Importer(815301076,1909f56bfc062723c751e8b465ee728b)
Start importing Assets/Tilesets/Terrain (16x16) 1_83.asset using Guid(40ddc2c23fa842b4aa07453acbafc751) Importer(815301076,1909f56bfc062723c751e8b465ee728b)  -> (artifact id: '9382b74c762c086912bd0a08492d4455') in 0.008875 seconds
Number of updated asset objects reloaded before import = 0
Number of asset objects unloaded after import = 3
========================================================================
Received Import Request.
  Time since last request: 0.006876 seconds.
  path: Assets/Tilesets/Terrain (16x16) 1_86.asset
  artifactKey: Guid(ca24c0bfe07ba9943bb222c9a6af033b) Importer(815301076,1909f56bfc062723c751e8b465ee728b)
Start importing Assets/Tilesets/Terrain (16x16) 1_86.asset using Guid(ca24c0bfe07ba9943bb222c9a6af033b) Importer(815301076,1909f56bfc062723c751e8b465ee728b)  -> (artifact id: '971e0f4348e86284ecb339afa56dd361') in 0.010747 seconds
Number of updated asset objects reloaded before import = 0
Number of asset objects unloaded after import = 3
========================================================================
Received Import Request.
  Time since last request: 0.007622 seconds.
  path: Assets/Tilesets/Terrain (16x16) 1_92.asset
  artifactKey: Guid(8cd6713932f2aed4983b62ab89e2895b) Importer(815301076,1909f56bfc062723c751e8b465ee728b)
Start importing Assets/Tilesets/Terrain (16x16) 1_92.asset using Guid(8cd6713932f2aed4983b62ab89e2895b) Importer(815301076,1909f56bfc062723c751e8b465ee728b)  -> (artifact id: '25482ae769f3f320ce834dd4649c0f64') in 0.008339 seconds
Number of updated asset objects reloaded before import = 0
Number of asset objects unloaded after import = 3
========================================================================
Received Import Request.
  Time since last request: 0.000641 seconds.
  path: Assets/Tilesets/Terrain (16x16) 1_96.asset
  artifactKey: Guid(39f32949dce53af49a9e10d3d453b918) Importer(815301076,1909f56bfc062723c751e8b465ee728b)
Start importing Assets/Tilesets/Terrain (16x16) 1_96.asset using Guid(39f32949dce53af49a9e10d3d453b918) Importer(815301076,1909f56bfc062723c751e8b465ee728b)  -> (artifact id: '99cea6b2cd746bae68cec48be3ce7bef') in 0.008170 seconds
Number of updated asset objects reloaded before import = 0
Number of asset objects unloaded after import = 3
========================================================================
Received Import Request.
  Time since last request: 0.001176 seconds.
  path: Assets/Tilesets/Terrain (16x16) 1_98.asset
  artifactKey: Guid(8ee5e14ca1cab3c43a95d046f1b1cd72) Importer(815301076,1909f56bfc062723c751e8b465ee728b)
Start importing Assets/Tilesets/Terrain (16x16) 1_98.asset using Guid(8ee5e14ca1cab3c43a95d046f1b1cd72) Importer(815301076,1909f56bfc062723c751e8b465ee728b)  -> (artifact id: '71198e8f478df8ad091df5a40066f0a3') in 0.008110 seconds
Number of updated asset objects reloaded before import = 0
Number of asset objects unloaded after import = 3
========================================================================
Received Import Request.
  Time since last request: 0.000739 seconds.
  path: Assets/Tilesets/Terrain (16x16) 1_101.asset
  artifactKey: Guid(7f073c6a26cc6e841a2f0bb3d418a57f) Importer(815301076,1909f56bfc062723c751e8b465ee728b)
Start importing Assets/Tilesets/Terrain (16x16) 1_101.asset using Guid(7f073c6a26cc6e841a2f0bb3d418a57f) Importer(815301076,1909f56bfc062723c751e8b465ee728b)  -> (artifact id: '2e026d029a41de00956a420970176807') in 0.008370 seconds
Number of updated asset objects reloaded before import = 0
Number of asset objects unloaded after import = 3
========================================================================
Received Import Request.
  Time since last request: 0.001602 seconds.
  path: Assets/Tilesets/Terrain (16x16) 1_104.asset
  artifactKey: Guid(3d6392ad15adead4ca83a15a9972d709) Importer(815301076,1909f56bfc062723c751e8b465ee728b)
Start importing Assets/Tilesets/Terrain (16x16) 1_104.asset using Guid(3d6392ad15adead4ca83a15a9972d709) Importer(815301076,1909f56bfc062723c751e8b465ee728b)  -> (artifact id: '4a3e2cf1927c1aa59cc0efd077e69cac') in 0.008143 seconds
Number of updated asset objects reloaded before import = 0
Number of asset objects unloaded after import = 3
========================================================================
Received Import Request.
  Time since last request: 0.000739 seconds.
  path: Assets/Tilesets/Terrain (16x16) 1_107.asset
  artifactKey: Guid(15dd64ea3cbb3664888464b0ad54f6c5) Importer(815301076,1909f56bfc062723c751e8b465ee728b)
Start importing Assets/Tilesets/Terrain (16x16) 1_107.asset using Guid(15dd64ea3cbb3664888464b0ad54f6c5) Importer(815301076,1909f56bfc062723c751e8b465ee728b)  -> (artifact id: 'd6b95da4c3f3094978e491064fe13e25') in 0.007797 seconds
Number of updated asset objects reloaded before import = 0
Number of asset objects unloaded after import = 3
========================================================================
Received Import Request.
  Time since last request: 0.001445 seconds.
  path: Assets/Tilesets/Terrain (16x16) 1_110.asset
  artifactKey: Guid(a4c9a44e66a08f34ca2d3f426b95e923) Importer(815301076,1909f56bfc062723c751e8b465ee728b)
Start importing Assets/Tilesets/Terrain (16x16) 1_110.asset using Guid(a4c9a44e66a08f34ca2d3f426b95e923) Importer(815301076,1909f56bfc062723c751e8b465ee728b)  -> (artifact id: 'a46ea69db7b81124a59da1fb2aad9d6d') in 0.008169 seconds
Number of updated asset objects reloaded before import = 0
Number of asset objects unloaded after import = 3
========================================================================
Received Import Request.
  Time since last request: 0.001232 seconds.
  path: Assets/Tilesets/Terrain (16x16) 1_113.asset
  artifactKey: Guid(e067b2cd38702d94c8db05d112b53675) Importer(815301076,1909f56bfc062723c751e8b465ee728b)
Start importing Assets/Tilesets/Terrain (16x16) 1_113.asset using Guid(e067b2cd38702d94c8db05d112b53675) Importer(815301076,1909f56bfc062723c751e8b465ee728b)  -> (artifact id: '5e52bcdde78a810a46c8c206f30548d4') in 0.009262 seconds
Number of updated asset objects reloaded before import = 0
Number of asset objects unloaded after import = 3
========================================================================
Received Import Request.
  Time since last request: 0.017449 seconds.
  path: Assets/Tilesets/Terrain (16x16) 1_119.asset
  artifactKey: Guid(2af371b7a09f7494cb1266326ee68c22) Importer(815301076,1909f56bfc062723c751e8b465ee728b)
Start importing Assets/Tilesets/Terrain (16x16) 1_119.asset using Guid(2af371b7a09f7494cb1266326ee68c22) Importer(815301076,1909f56bfc062723c751e8b465ee728b)  -> (artifact id: '4a989c31f477f519af1bee2eb2cc4e99') in 0.008096 seconds
Number of updated asset objects reloaded before import = 0
Number of asset objects unloaded after import = 3
========================================================================
Received Import Request.
  Time since last request: 0.000013 seconds.
  path: Assets/Tilesets/Terrain (16x16) 1_123.asset
  artifactKey: Guid(31941d14032c44c4dafe42531a35b141) Importer(815301076,1909f56bfc062723c751e8b465ee728b)
Start importing Assets/Tilesets/Terrain (16x16) 1_123.asset using Guid(31941d14032c44c4dafe42531a35b141) Importer(815301076,1909f56bfc062723c751e8b465ee728b)  -> (artifact id: '777ee4ef0e5398f72b1928f8500ecd20') in 0.007712 seconds
Number of updated asset objects reloaded before import = 0
Number of asset objects unloaded after import = 3
========================================================================
Received Import Request.
  Time since last request: 0.008584 seconds.
  path: Assets/Tilesets/Terrain (16x16) 1_125.asset
  artifactKey: Guid(18e07407227c2bb48875e0a5042c5bf2) Importer(815301076,1909f56bfc062723c751e8b465ee728b)
Start importing Assets/Tilesets/Terrain (16x16) 1_125.asset using Guid(18e07407227c2bb48875e0a5042c5bf2) Importer(815301076,1909f56bfc062723c751e8b465ee728b)  -> (artifact id: '86aab16609e818610529bbf9e3cbbdae') in 0.008377 seconds
Number of updated asset objects reloaded before import = 0
Number of asset objects unloaded after import = 3
========================================================================
Received Import Request.
  Time since last request: 0.000014 seconds.
  path: Assets/Tilesets/Terrain (16x16) 1_128.asset
  artifactKey: Guid(67de023a1f472c147b2ecd9689e47448) Importer(815301076,1909f56bfc062723c751e8b465ee728b)
Start importing Assets/Tilesets/Terrain (16x16) 1_128.asset using Guid(67de023a1f472c147b2ecd9689e47448) Importer(815301076,1909f56bfc062723c751e8b465ee728b)  -> (artifact id: '49aa9cf2413aff9f850e9c83eed41f40') in 0.008276 seconds
Number of updated asset objects reloaded before import = 0
Number of asset objects unloaded after import = 3
========================================================================
Received Import Request.
  Time since last request: 0.000741 seconds.
  path: Assets/Tilesets/Terrain (16x16) 1_131.asset
  artifactKey: Guid(0201f4c53b004ad48b943b656a0bb52c) Importer(815301076,1909f56bfc062723c751e8b465ee728b)
Start importing Assets/Tilesets/Terrain (16x16) 1_131.asset using Guid(0201f4c53b004ad48b943b656a0bb52c) Importer(815301076,1909f56bfc062723c751e8b465ee728b)  -> (artifact id: 'f478a3b54cd2698e1b0911ba0bd6d7b5') in 0.008521 seconds
Number of updated asset objects reloaded before import = 0
Number of asset objects unloaded after import = 3
========================================================================
Received Import Request.
  Time since last request: 0.001343 seconds.
  path: Assets/Tilesets/Terrain (16x16) 1_134.asset
  artifactKey: Guid(f8d91e54479295242a4a269d4adef94a) Importer(815301076,1909f56bfc062723c751e8b465ee728b)
Start importing Assets/Tilesets/Terrain (16x16) 1_134.asset using Guid(f8d91e54479295242a4a269d4adef94a) Importer(815301076,1909f56bfc062723c751e8b465ee728b)  -> (artifact id: '537010793e5e1c289fb1d117dba012fb') in 0.008081 seconds
Number of updated asset objects reloaded before import = 0
Number of asset objects unloaded after import = 3
========================================================================
Received Import Request.
  Time since last request: 0.001240 seconds.
  path: Assets/Tilesets/Terrain (16x16) 1_137.asset
  artifactKey: Guid(9982765e00fb9bc498166a8eabe57594) Importer(815301076,1909f56bfc062723c751e8b465ee728b)
Start importing Assets/Tilesets/Terrain (16x16) 1_137.asset using Guid(9982765e00fb9bc498166a8eabe57594) Importer(815301076,1909f56bfc062723c751e8b465ee728b)  -> (artifact id: '7c7db69e977a2f165414c3d4d574a1b9') in 0.008178 seconds
Number of updated asset objects reloaded before import = 0
Number of asset objects unloaded after import = 3
========================================================================
Received Import Request.
  Time since last request: 0.002475 seconds.
  path: Assets/Tilesets/Terrain (16x16) 1_140.asset
  artifactKey: Guid(dfb6f5e0012b0044fba296c9c5d9576c) Importer(815301076,1909f56bfc062723c751e8b465ee728b)
Start importing Assets/Tilesets/Terrain (16x16) 1_140.asset using Guid(dfb6f5e0012b0044fba296c9c5d9576c) Importer(815301076,1909f56bfc062723c751e8b465ee728b)  -> (artifact id: '9938db76830663b89b78984082de8d8b') in 0.008297 seconds
Number of updated asset objects reloaded before import = 0
Number of asset objects unloaded after import = 3
========================================================================
Received Import Request.
  Time since last request: 0.001586 seconds.
  path: Assets/Tilesets/Terrain (16x16) 1_143.asset
  artifactKey: Guid(da85b4b3d41a4784186f1d40416c2310) Importer(815301076,1909f56bfc062723c751e8b465ee728b)
Start importing Assets/Tilesets/Terrain (16x16) 1_143.asset using Guid(da85b4b3d41a4784186f1d40416c2310) Importer(815301076,1909f56bfc062723c751e8b465ee728b)  -> (artifact id: '1b364285784d77f5383d92c487d2135d') in 0.009881 seconds
Number of updated asset objects reloaded before import = 0
Number of asset objects unloaded after import = 3
Editor requested this worker to shutdown with reason: Scaling down because of idle timeout
TcpMessagingSession - receive error: operation aborted. errorcode: 995, details: The I/O operation has been aborted because of either a thread exit or an application request.
AssetImportWorker is now disconnected from the server
Process exiting
Exiting without the bug reporter. Application will terminate with return code 0